0 verbose cli /usr/local/bin/node /usr/local/bin/npm
1 info using npm@11.6.2
2 info using node@v24.12.0
3 silly config load:file:/usr/local/lib/node_modules/npm/npmrc
4 silly config load:file:/Users/mayanknarang/Desktop/SmartBrick/.npmrc
5 silly config load:file:/Users/mayanknarang/.npmrc
6 silly config load:file:/usr/local/etc/npmrc
7 verbose title npm install @playwright/test
8 verbose argv "install" "--save-dev" "@playwright/test"
9 verbose logfile logs-max:10 dir:/Users/mayanknarang/Desktop/SmartBrick/.npm-cache/_logs/2026-06-30T14_44_56_237Z-
10 verbose logfile /Users/mayanknarang/Desktop/SmartBrick/.npm-cache/_logs/2026-06-30T14_44_56_237Z-debug-0.log
11 silly logfile done cleaning log files
12 silly packumentCache heap:4496293888 maxSize:1124073472 maxEntrySize:562036736
13 silly idealTree buildDeps
14 silly fetch manifest @playwright/test@*
15 silly packumentCache full:https://registry.npmjs.org/@playwright%2ftest cache-miss
16 http fetch GET 200 https://registry.npmjs.org/npm 1668ms
17 http fetch GET 200 https://registry.npmjs.org/@playwright%2ftest 4759ms (cache miss)
18 silly packumentCache full:https://registry.npmjs.org/@playwright%2ftest set size:undefined disposed:false
19 silly placeDep ROOT @playwright/test@1.61.1 OK for: smartbrick@1.0.0 want: *
20 silly fetch manifest playwright@1.61.1
21 silly packumentCache full:https://registry.npmjs.org/playwright cache-miss
22 http fetch GET 200 https://registry.npmjs.org/playwright 9780ms (cache miss)
23 silly packumentCache full:https://registry.npmjs.org/playwright set size:undefined disposed:false
24 silly placeDep ROOT playwright@1.61.1 OK for: @playwright/test@1.61.1 want: 1.61.1
25 silly fetch manifest playwright-core@1.61.1
26 silly packumentCache full:https://registry.npmjs.org/playwright-core cache-miss
27 silly fetch manifest fsevents@2.3.2
28 silly packumentCache full:https://registry.npmjs.org/fsevents cache-miss
29 http fetch GET 200 https://registry.npmjs.org/fsevents 2108ms (cache miss)
30 silly packumentCache full:https://registry.npmjs.org/fsevents set size:undefined disposed:false
31 http fetch GET 200 https://registry.npmjs.org/playwright-core 5409ms (cache miss)
32 silly packumentCache full:https://registry.npmjs.org/playwright-core set size:undefined disposed:false
33 silly placeDep ROOT fsevents@2.3.2 OK for: playwright@1.61.1 want: 2.3.2
34 silly placeDep ROOT playwright-core@1.61.1 OK for: playwright@1.61.1 want: 1.61.1
35 silly reify moves {}
36 silly audit bulk request {
36 silly audit   'ansi-regex': [ '5.0.1' ],
36 silly audit   'ansi-styles': [ '4.3.0' ],
36 silly audit   chalk: [ '4.1.2' ],
36 silly audit   'supports-color': [ '7.2.0', '8.1.1' ],
36 silly audit   cliui: [ '8.0.1' ],
36 silly audit   'color-convert': [ '2.0.1' ],
36 silly audit   'color-name': [ '1.1.4' ],
36 silly audit   concurrently: [ '9.2.3' ],
36 silly audit   'emoji-regex': [ '8.0.0' ],
36 silly audit   escalade: [ '3.2.0' ],
36 silly audit   'get-caller-file': [ '2.0.5' ],
36 silly audit   'has-flag': [ '4.0.0' ],
36 silly audit   'is-fullwidth-code-point': [ '3.0.0' ],
36 silly audit   'require-directory': [ '2.1.1' ],
36 silly audit   rxjs: [ '7.8.2' ],
36 silly audit   'shell-quote': [ '1.8.4' ],
36 silly audit   'string-width': [ '4.2.3' ],
36 silly audit   'strip-ansi': [ '6.0.1' ],
36 silly audit   'tree-kill': [ '1.2.2' ],
36 silly audit   tslib: [ '2.8.1' ],
36 silly audit   'wrap-ansi': [ '7.0.0' ],
36 silly audit   y18n: [ '5.0.8' ],
36 silly audit   yargs: [ '17.7.2' ],
36 silly audit   'yargs-parser': [ '21.1.1' ],
36 silly audit   '@playwright/test': [ '1.61.1' ],
36 silly audit   playwright: [ '1.61.1' ],
36 silly audit   fsevents: [ '2.3.2' ],
36 silly audit   'playwright-core': [ '1.61.1' ]
36 silly audit }
37 http cache fsevents@https://registry.npmjs.org/fsevents/-/fsevents-2.3.2.tgz 0ms (cache hit)
38 http cache @playwright/test@https://registry.npmjs.org/@playwright/test/-/test-1.61.1.tgz 0ms (cache hit)
39 http cache playwright-core@https://registry.npmjs.org/playwright-core/-/playwright-core-1.61.1.tgz 0ms (cache hit)
40 http cache playwright@https://registry.npmjs.org/playwright/-/playwright-1.61.1.tgz 0ms (cache hit)
41 http cache yargs-parser@https://registry.npmjs.org/yargs-parser/-/yargs-parser-21.1.1.tgz 0ms (cache hit)
42 http cache yargs@https://registry.npmjs.org/yargs/-/yargs-17.7.2.tgz 0ms (cache hit)
43 http cache y18n@https://registry.npmjs.org/y18n/-/y18n-5.0.8.tgz 0ms (cache hit)
44 http cache supports-color@https://registry.npmjs.org/supports-color/-/supports-color-8.1.1.tgz 0ms (cache hit)
45 http cache wrap-ansi@https://registry.npmjs.org/wrap-ansi/-/wrap-ansi-7.0.0.tgz 0ms (cache hit)
46 http cache strip-ansi@https://registry.npmjs.org/strip-ansi/-/strip-ansi-6.0.1.tgz 0ms (cache hit)
47 http cache tslib@https://registry.npmjs.org/tslib/-/tslib-2.8.1.tgz 0ms (cache hit)
48 http cache string-width@https://registry.npmjs.org/string-width/-/string-width-4.2.3.tgz 0ms (cache hit)
49 http cache tree-kill@https://registry.npmjs.org/tree-kill/-/tree-kill-1.2.2.tgz 0ms (cache hit)
50 http cache shell-quote@https://registry.npmjs.org/shell-quote/-/shell-quote-1.8.4.tgz 0ms (cache hit)
51 http cache is-fullwidth-code-point@https://registry.npmjs.org/is-fullwidth-code-point/-/is-fullwidth-code-point-3.0.0.tgz 0ms (cache hit)
52 http cache has-flag@https://registry.npmjs.org/has-flag/-/has-flag-4.0.0.tgz 0ms (cache hit)
53 http cache get-caller-file@https://registry.npmjs.org/get-caller-file/-/get-caller-file-2.0.5.tgz 0ms (cache hit)
54 http cache rxjs@https://registry.npmjs.org/rxjs/-/rxjs-7.8.2.tgz 0ms (cache hit)
55 http cache escalade@https://registry.npmjs.org/escalade/-/escalade-3.2.0.tgz 0ms (cache hit)
56 http cache require-directory@https://registry.npmjs.org/require-directory/-/require-directory-2.1.1.tgz 0ms (cache hit)
57 http cache concurrently@https://registry.npmjs.org/concurrently/-/concurrently-9.2.3.tgz 0ms (cache hit)
58 http cache color-convert@https://registry.npmjs.org/color-convert/-/color-convert-2.0.1.tgz 0ms (cache hit)
59 http cache color-name@https://registry.npmjs.org/color-name/-/color-name-1.1.4.tgz 0ms (cache hit)
60 http cache cliui@https://registry.npmjs.org/cliui/-/cliui-8.0.1.tgz 0ms (cache hit)
61 http cache chalk@https://registry.npmjs.org/chalk/-/chalk-4.1.2.tgz 0ms (cache hit)
62 http cache ansi-styles@https://registry.npmjs.org/ansi-styles/-/ansi-styles-4.3.0.tgz 0ms (cache hit)
63 http cache ansi-regex@https://registry.npmjs.org/ansi-regex/-/ansi-regex-5.0.1.tgz 0ms (cache hit)
64 http cache supports-color@https://registry.npmjs.org/supports-color/-/supports-color-7.2.0.tgz 0ms (cache hit)
65 http cache emoji-regex@https://registry.npmjs.org/emoji-regex/-/emoji-regex-8.0.0.tgz 0ms (cache hit)
66 silly tarball no local data for fsevents@https://registry.npmjs.org/fsevents/-/fsevents-2.3.2.tgz. Extracting by manifest.
67 silly tarball no local data for @playwright/test@https://registry.npmjs.org/@playwright/test/-/test-1.61.1.tgz. Extracting by manifest.
68 silly tarball no local data for playwright-core@https://registry.npmjs.org/playwright-core/-/playwright-core-1.61.1.tgz. Extracting by manifest.
69 silly tarball no local data for playwright@https://registry.npmjs.org/playwright/-/playwright-1.61.1.tgz. Extracting by manifest.
70 silly tarball no local data for yargs-parser@https://registry.npmjs.org/yargs-parser/-/yargs-parser-21.1.1.tgz. Extracting by manifest.
71 silly tarball no local data for yargs@https://registry.npmjs.org/yargs/-/yargs-17.7.2.tgz. Extracting by manifest.
72 silly tarball no local data for y18n@https://registry.npmjs.org/y18n/-/y18n-5.0.8.tgz. Extracting by manifest.
73 silly tarball no local data for supports-color@https://registry.npmjs.org/supports-color/-/supports-color-8.1.1.tgz. Extracting by manifest.
74 silly tarball no local data for wrap-ansi@https://registry.npmjs.org/wrap-ansi/-/wrap-ansi-7.0.0.tgz. Extracting by manifest.
75 silly tarball no local data for strip-ansi@https://registry.npmjs.org/strip-ansi/-/strip-ansi-6.0.1.tgz. Extracting by manifest.
76 silly tarball no local data for tslib@https://registry.npmjs.org/tslib/-/tslib-2.8.1.tgz. Extracting by manifest.
77 silly tarball no local data for string-width@https://registry.npmjs.org/string-width/-/string-width-4.2.3.tgz. Extracting by manifest.
78 silly tarball no local data for tree-kill@https://registry.npmjs.org/tree-kill/-/tree-kill-1.2.2.tgz. Extracting by manifest.
79 silly tarball no local data for shell-quote@https://registry.npmjs.org/shell-quote/-/shell-quote-1.8.4.tgz. Extracting by manifest.
80 silly tarball no local data for is-fullwidth-code-point@https://registry.npmjs.org/is-fullwidth-code-point/-/is-fullwidth-code-point-3.0.0.tgz. Extracting by manifest.
81 silly tarball no local data for has-flag@https://registry.npmjs.org/has-flag/-/has-flag-4.0.0.tgz. Extracting by manifest.
82 silly tarball no local data for get-caller-file@https://registry.npmjs.org/get-caller-file/-/get-caller-file-2.0.5.tgz. Extracting by manifest.
83 silly tarball no local data for rxjs@https://registry.npmjs.org/rxjs/-/rxjs-7.8.2.tgz. Extracting by manifest.
84 silly tarball no local data for escalade@https://registry.npmjs.org/escalade/-/escalade-3.2.0.tgz. Extracting by manifest.
85 silly tarball no local data for require-directory@https://registry.npmjs.org/require-directory/-/require-directory-2.1.1.tgz. Extracting by manifest.
86 silly tarball no local data for concurrently@https://registry.npmjs.org/concurrently/-/concurrently-9.2.3.tgz. Extracting by manifest.
87 silly tarball no local data for color-convert@https://registry.npmjs.org/color-convert/-/color-convert-2.0.1.tgz. Extracting by manifest.
88 silly tarball no local data for color-name@https://registry.npmjs.org/color-name/-/color-name-1.1.4.tgz. Extracting by manifest.
89 silly tarball no local data for cliui@https://registry.npmjs.org/cliui/-/cliui-8.0.1.tgz. Extracting by manifest.
90 silly tarball no local data for chalk@https://registry.npmjs.org/chalk/-/chalk-4.1.2.tgz. Extracting by manifest.
91 silly tarball no local data for ansi-styles@https://registry.npmjs.org/ansi-styles/-/ansi-styles-4.3.0.tgz. Extracting by manifest.
92 silly tarball no local data for ansi-regex@https://registry.npmjs.org/ansi-regex/-/ansi-regex-5.0.1.tgz. Extracting by manifest.
93 silly tarball no local data for supports-color@https://registry.npmjs.org/supports-color/-/supports-color-7.2.0.tgz. Extracting by manifest.
94 silly tarball no local data for emoji-regex@https://registry.npmjs.org/emoji-regex/-/emoji-regex-8.0.0.tgz. Extracting by manifest.
95 http fetch POST 200 https://registry.npmjs.org/-/npm/v1/security/advisories/bulk 481ms
96 silly audit report {}
97 http fetch GET 200 https://registry.npmjs.org/fsevents/-/fsevents-2.3.2.tgz 480ms (cache miss)
98 http fetch GET 200 https://registry.npmjs.org/is-fullwidth-code-point/-/is-fullwidth-code-point-3.0.0.tgz 898ms (cache miss)
99 http fetch GET 200 https://registry.npmjs.org/has-flag/-/has-flag-4.0.0.tgz 902ms (cache miss)
100 http fetch GET 200 https://registry.npmjs.org/get-caller-file/-/get-caller-file-2.0.5.tgz 1159ms (cache miss)
101 http fetch GET 200 https://registry.npmjs.org/escalade/-/escalade-3.2.0.tgz 1264ms (cache miss)
102 http fetch GET 200 https://registry.npmjs.org/tree-kill/-/tree-kill-1.2.2.tgz 1264ms (cache miss)
103 http fetch GET 200 https://registry.npmjs.org/strip-ansi/-/strip-ansi-6.0.1.tgz 1267ms (cache miss)
104 http fetch GET 200 https://registry.npmjs.org/y18n/-/y18n-5.0.8.tgz 1267ms (cache miss)
105 http fetch GET 200 https://registry.npmjs.org/shell-quote/-/shell-quote-1.8.4.tgz 1270ms (cache miss)
106 http fetch GET 200 https://registry.npmjs.org/yargs-parser/-/yargs-parser-21.1.1.tgz 1318ms (cache miss)
107 http fetch GET 200 https://registry.npmjs.org/string-width/-/string-width-4.2.3.tgz 1330ms (cache miss)
108 http fetch GET 200 https://registry.npmjs.org/wrap-ansi/-/wrap-ansi-7.0.0.tgz 1331ms (cache miss)
109 http fetch GET 200 https://registry.npmjs.org/supports-color/-/supports-color-8.1.1.tgz 1332ms (cache miss)
110 http fetch GET 200 https://registry.npmjs.org/tslib/-/tslib-2.8.1.tgz 1335ms (cache miss)
111 http fetch GET 200 https://registry.npmjs.org/yargs/-/yargs-17.7.2.tgz 1365ms (cache miss)
112 http fetch GET 200 https://registry.npmjs.org/@playwright/test/-/test-1.61.1.tgz 1448ms (cache miss)
113 http fetch GET 200 https://registry.npmjs.org/require-directory/-/require-directory-2.1.1.tgz 1756ms (cache miss)
114 http fetch GET 200 https://registry.npmjs.org/color-convert/-/color-convert-2.0.1.tgz 1757ms (cache miss)
115 http fetch GET 200 https://registry.npmjs.org/color-name/-/color-name-1.1.4.tgz 1757ms (cache miss)
116 http fetch GET 200 https://registry.npmjs.org/cliui/-/cliui-8.0.1.tgz 1759ms (cache miss)
117 http fetch GET 200 https://registry.npmjs.org/chalk/-/chalk-4.1.2.tgz 1762ms (cache miss)
118 http fetch GET 200 https://registry.npmjs.org/supports-color/-/supports-color-7.2.0.tgz 2030ms (cache miss)
119 http fetch GET 200 https://registry.npmjs.org/ansi-styles/-/ansi-styles-4.3.0.tgz 2031ms (cache miss)
120 http fetch GET 200 https://registry.npmjs.org/ansi-regex/-/ansi-regex-5.0.1.tgz 2031ms (cache miss)
121 http fetch GET 200 https://registry.npmjs.org/emoji-regex/-/emoji-regex-8.0.0.tgz 2031ms (cache miss)
122 http fetch GET 200 https://registry.npmjs.org/rxjs/-/rxjs-7.8.2.tgz 2832ms (cache miss)
123 http fetch GET 200 https://registry.npmjs.org/concurrently/-/concurrently-9.2.3.tgz 3832ms (cache miss)
124 http fetch GET 200 https://registry.npmjs.org/playwright/-/playwright-1.61.1.tgz 4415ms (cache miss)
125 http fetch GET 200 https://registry.npmjs.org/playwright-core/-/playwright-core-1.61.1.tgz 7593ms (cache miss)
126 info run fsevents@2.3.2 install node_modules/fsevents node-gyp rebuild
127 info run fsevents@2.3.2 install { code: 1, signal: null }
128 verbose reify failed optional dependency /Users/mayanknarang/Desktop/SmartBrick/node_modules/fsevents
129 silly reify mark deleted [ '/Users/mayanknarang/Desktop/SmartBrick/node_modules/fsevents' ]
130 silly ADD node_modules/playwright-core
131 silly ADD
132 silly ADD node_modules/playwright
133 silly ADD node_modules/@playwright/test
134 silly ADD node_modules/yargs-parser
135 silly ADD node_modules/yargs
136 silly ADD node_modules/y18n
137 silly ADD node_modules/wrap-ansi
138 silly ADD node_modules/tslib
139 silly ADD node_modules/tree-kill
140 silly ADD node_modules/supports-color
141 silly ADD node_modules/strip-ansi
142 silly ADD node_modules/string-width
143 silly ADD node_modules/shell-quote
144 silly ADD node_modules/rxjs
145 silly ADD node_modules/require-directory
146 silly ADD node_modules/is-fullwidth-code-point
147 silly ADD node_modules/has-flag
148 silly ADD node_modules/get-caller-file
149 silly ADD node_modules/escalade
150 silly ADD node_modules/emoji-regex
151 silly ADD node_modules/concurrently
152 silly ADD node_modules/color-name
153 silly ADD node_modules/color-convert
154 silly ADD node_modules/cliui
155 silly ADD node_modules/chalk
156 silly ADD node_modules/chalk/node_modules/supports-color
157 silly ADD node_modules/ansi-styles
158 silly ADD node_modules/ansi-regex
159 verbose cwd /Users/mayanknarang/Desktop/SmartBrick
160 verbose os Darwin 25.3.0
161 verbose node v24.12.0
162 verbose npm  v11.6.2
163 notice
163 notice New minor version of npm available! 11.6.2 -> 11.18.0
163 notice Changelog: https://github.com/npm/cli/releases/tag/v11.18.0
163 notice To update run: npm install -g npm@11.18.0
163 notice  { force: true, Symbol(proc-log.meta): true }
164 verbose exit 0
165 info ok
