0 verbose cli /usr/local/bin/node /usr/local/bin/npm
1 info using npm@11.6.2
2 info using node@v24.12.0
3 silly config load:file:/usr/local/lib/node_modules/npm/npmrc
4 silly config load:file:/Users/mayanknarang/Desktop/SmartBrick/client/.npmrc
5 silly config load:file:/Users/mayanknarang/.npmrc
6 silly config load:file:/usr/local/etc/npmrc
7 verbose title npm install @sentry/react
8 verbose argv "install" "@sentry/react" "--cache" "../.npm-cache"
9 verbose logfile logs-max:10 dir:/Users/mayanknarang/Desktop/SmartBrick/.npm-cache/_logs/2026-06-30T20_31_18_320Z-
10 verbose logfile /Users/mayanknarang/Desktop/SmartBrick/.npm-cache/_logs/2026-06-30T20_31_18_320Z-debug-0.log
11 silly logfile done cleaning log files
12 silly packumentCache heap:4496293888 maxSize:1124073472 maxEntrySize:562036736
13 verbose shrinkwrap failed to load node_modules/.package-lock.json out of date, updated: node_modules
14 silly idealTree buildDeps
15 silly fetch manifest @sentry/react@*
16 silly packumentCache full:https://registry.npmjs.org/@sentry%2freact cache-miss
17 http fetch GET 200 https://registry.npmjs.org/@sentry%2freact 241ms (cache miss)
18 silly packumentCache full:https://registry.npmjs.org/@sentry%2freact set size:undefined disposed:false
19 silly fetch manifest react@^19.2.7
20 silly packumentCache full:https://registry.npmjs.org/react cache-miss
21 http fetch GET 200 https://registry.npmjs.org/react 1260ms (cache miss)
22 silly packumentCache full:https://registry.npmjs.org/react set size:undefined disposed:false
23 silly placeDep ROOT @sentry/react@10.62.0 OK for: client@0.0.0 want: *
24 silly fetch manifest @sentry/browser@10.62.0
25 silly packumentCache full:https://registry.npmjs.org/@sentry%2fbrowser cache-miss
26 silly fetch manifest @sentry/core@10.62.0
27 silly packumentCache full:https://registry.npmjs.org/@sentry%2fcore cache-miss
28 http fetch GET 200 https://registry.npmjs.org/@sentry%2fbrowser 160ms (cache miss)
29 silly packumentCache full:https://registry.npmjs.org/@sentry%2fbrowser set size:undefined disposed:false
30 http fetch GET 200 https://registry.npmjs.org/@sentry%2fcore 335ms (cache miss)
31 silly packumentCache full:https://registry.npmjs.org/@sentry%2fcore set size:undefined disposed:false
32 silly placeDep ROOT @sentry/browser@10.62.0 OK for: @sentry/react@10.62.0 want: 10.62.0
33 silly placeDep ROOT @sentry/core@10.62.0 OK for: @sentry/react@10.62.0 want: 10.62.0
34 silly fetch manifest @sentry/browser-utils@10.62.0
35 silly packumentCache full:https://registry.npmjs.org/@sentry%2fbrowser-utils cache-miss
36 silly fetch manifest @sentry/feedback@10.62.0
37 silly packumentCache full:https://registry.npmjs.org/@sentry%2ffeedback cache-miss
38 silly fetch manifest @sentry/replay@10.62.0
39 silly packumentCache full:https://registry.npmjs.org/@sentry%2freplay cache-miss
40 silly fetch manifest @sentry/replay-canvas@10.62.0
41 silly packumentCache full:https://registry.npmjs.org/@sentry%2freplay-canvas cache-miss
42 http fetch GET 200 https://registry.npmjs.org/@sentry%2fbrowser-utils 732ms (cache miss)
43 silly packumentCache full:https://registry.npmjs.org/@sentry%2fbrowser-utils set size:undefined disposed:false
44 http fetch GET 200 https://registry.npmjs.org/@sentry%2ffeedback 835ms (cache miss)
45 silly packumentCache full:https://registry.npmjs.org/@sentry%2ffeedback set size:undefined disposed:false
46 http fetch GET 200 https://registry.npmjs.org/@sentry%2freplay-canvas 883ms (cache miss)
47 silly packumentCache full:https://registry.npmjs.org/@sentry%2freplay-canvas set size:undefined disposed:false
48 http fetch GET 200 https://registry.npmjs.org/@sentry%2freplay 906ms (cache miss)
49 silly packumentCache full:https://registry.npmjs.org/@sentry%2freplay set size:undefined disposed:false
50 silly placeDep ROOT @sentry/browser-utils@10.62.0 OK for: @sentry/browser@10.62.0 want: 10.62.0
51 silly placeDep ROOT @sentry/feedback@10.62.0 OK for: @sentry/browser@10.62.0 want: 10.62.0
52 silly placeDep ROOT @sentry/replay@10.62.0 OK for: @sentry/browser@10.62.0 want: 10.62.0
53 silly placeDep ROOT @sentry/replay-canvas@10.62.0 OK for: @sentry/browser@10.62.0 want: 10.62.0
54 silly reify moves {}
55 silly audit bulk request {
55 silly audit   smartbrick: [ '1.0.0' ],
55 silly audit   '@adobe/css-tools': [ '4.5.0' ],
55 silly audit   '@asamuzakjp/css-color': [ '5.1.11' ],
55 silly audit   '@asamuzakjp/dom-selector': [ '7.1.1' ],
55 silly audit   '@asamuzakjp/generational-cache': [ '1.0.1' ],
55 silly audit   '@asamuzakjp/nwsapi': [ '2.3.9' ],
55 silly audit   '@babel/code-frame': [ '7.29.7' ],
55 silly audit   '@babel/helper-validator-identifier': [ '7.29.7' ],
55 silly audit   '@babel/runtime': [ '7.29.7' ],
55 silly audit   '@bramus/specificity': [ '2.4.2' ],
55 silly audit   '@clerk/clerk-react': [ '5.61.8' ],
55 silly audit   '@clerk/shared': [ '3.47.7' ],
55 silly audit   csstype: [ '3.1.3', '3.2.3' ],
55 silly audit   '@csstools/color-helpers': [ '6.1.0' ],
55 silly audit   '@csstools/css-calc': [ '3.2.1' ],
55 silly audit   '@csstools/css-color-parser': [ '4.1.9' ],
55 silly audit   '@csstools/css-parser-algorithms': [ '4.0.0' ],
55 silly audit   '@csstools/css-syntax-patches-for-csstree': [ '1.1.6' ],
55 silly audit   '@csstools/css-tokenizer': [ '4.0.0' ],
55 silly audit   '@emnapi/wasi-threads': [ '1.2.2' ],
55 silly audit   '@exodus/bytes': [ '1.15.1' ],
55 silly audit   '@jridgewell/sourcemap-codec': [ '1.5.5' ],
55 silly audit   '@napi-rs/wasm-runtime': [ '1.1.6' ],
55 silly audit   '@oxc-project/types': [ '0.137.0' ],
55 silly audit   '@oxlint/binding-android-arm-eabi': [ '1.71.0' ],
55 silly audit   '@oxlint/binding-android-arm64': [ '1.71.0' ],
55 silly audit   '@oxlint/binding-darwin-arm64': [ '1.71.0' ],
55 silly audit   '@oxlint/binding-darwin-x64': [ '1.71.0' ],
55 silly audit   '@oxlint/binding-freebsd-x64': [ '1.71.0' ],
55 silly audit   '@oxlint/binding-linux-arm-gnueabihf': [ '1.71.0' ],
55 silly audit   '@oxlint/binding-linux-arm-musleabihf': [ '1.71.0' ],
55 silly audit   '@oxlint/binding-linux-arm64-gnu': [ '1.71.0' ],
55 silly audit   '@oxlint/binding-linux-arm64-musl': [ '1.71.0' ],
55 silly audit   '@oxlint/binding-linux-ppc64-gnu': [ '1.71.0' ],
55 silly audit   '@oxlint/binding-linux-riscv64-gnu': [ '1.71.0' ],
55 silly audit   '@oxlint/binding-linux-riscv64-musl': [ '1.71.0' ],
55 silly audit   '@oxlint/binding-linux-s390x-gnu': [ '1.71.0' ],
55 silly audit   '@oxlint/binding-linux-x64-gnu': [ '1.71.0' ],
55 silly audit   '@oxlint/binding-linux-x64-musl': [ '1.71.0' ],
55 silly audit   '@oxlint/binding-openharmony-arm64': [ '1.71.0' ],
55 silly audit   '@oxlint/binding-win32-arm64-msvc': [ '1.71.0' ],
55 silly audit   '@oxlint/binding-win32-ia32-msvc': [ '1.71.0' ],
55 silly audit   '@oxlint/binding-win32-x64-msvc': [ '1.71.0' ],
55 silly audit   '@react-leaflet/core': [ '3.0.0' ],
55 silly audit   '@reduxjs/toolkit': [ '2.12.0' ],
55 silly audit   immer: [ '11.1.8', '10.2.0' ],
55 silly audit   '@rolldown/binding-android-arm64': [ '1.1.3' ],
55 silly audit   '@rolldown/binding-darwin-arm64': [ '1.1.3' ],
55 silly audit   '@rolldown/binding-darwin-x64': [ '1.1.3' ],
55 silly audit   '@rolldown/binding-freebsd-x64': [ '1.1.3' ],
55 silly audit   '@rolldown/binding-linux-arm-gnueabihf': [ '1.1.3' ],
55 silly audit   '@rolldown/binding-linux-arm64-gnu': [ '1.1.3' ],
55 silly audit   '@rolldown/binding-linux-arm64-musl': [ '1.1.3' ],
55 silly audit   '@rolldown/binding-linux-ppc64-gnu': [ '1.1.3' ],
55 silly audit   '@rolldown/binding-linux-s390x-gnu': [ '1.1.3' ],
55 silly audit   '@rolldown/binding-linux-x64-gnu': [ '1.1.3' ],
55 silly audit   '@rolldown/binding-linux-x64-musl': [ '1.1.3' ],
55 silly audit   '@rolldown/binding-openharmony-arm64': [ '1.1.3' ],
55 silly audit   '@rolldown/binding-wasm32-wasi': [ '1.1.3' ],
55 silly audit   '@rolldown/binding-win32-arm64-msvc': [ '1.1.3' ],
55 silly audit   '@rolldown/binding-win32-x64-msvc': [ '1.1.3' ],
55 silly audit   '@rolldown/pluginutils': [ '1.0.1' ],
55 silly audit   '@standard-schema/spec': [ '1.1.0' ],
55 silly audit   '@standard-schema/utils': [ '0.3.0' ],
55 silly audit   '@testing-library/dom': [ '10.4.1' ],
55 silly audit   '@testing-library/jest-dom': [ '6.9.1' ],
55 silly audit   'dom-accessibility-api': [ '0.6.3', '0.5.16' ],
55 silly audit   '@testing-library/react': [ '16.3.2' ],
55 silly audit   '@testing-library/user-event': [ '14.6.1' ],
55 silly audit   '@tybys/wasm-util': [ '0.10.3' ],
55 silly audit   '@types/aria-query': [ '5.0.4' ],
55 silly audit   '@types/chai': [ '5.2.3' ],
55 silly audit   '@types/d3-array': [ '3.2.2' ],
55 silly audit   '@types/d3-color': [ '3.1.3' ],
55 silly audit   '@types/d3-ease': [ '3.0.2' ],
55 silly audit   '@types/d3-interpolate': [ '3.0.4' ],
55 silly audit   '@types/d3-path': [ '3.1.1' ],
55 silly audit   '@types/d3-scale': [ '4.0.9' ],
55 silly audit   '@types/d3-shape': [ '3.1.8' ],
55 silly audit   '@types/d3-time': [ '3.0.4' ],
55 silly audit   '@types/d3-timer': [ '3.0.2' ],
55 silly audit   '@types/debug': [ '4.1.13' ],
55 silly audit   '@types/deep-eql': [ '4.0.2' ],
55 silly audit   '@types/estree': [ '1.0.9' ],
55 silly audit   '@types/estree-jsx': [ '1.0.5' ],
55 silly audit   '@types/hast': [ '3.0.4' ],
55 silly audit   '@types/mdast': [ '4.0.4' ],
55 silly audit   '@types/ms': [ '2.1.0' ],
55 silly audit   '@types/react': [ '19.2.17' ],
55 silly audit   '@types/react-dom': [ '19.2.3' ],
55 silly audit   '@types/unist': [ '3.0.3', '2.0.11' ],
55 silly audit   '@types/use-sync-external-store': [ '0.0.6' ],
55 silly audit   '@ungap/structured-clone': [ '1.3.2' ],
55 silly audit   '@vitejs/plugin-react': [ '6.0.3' ],
55 silly audit   '@vitest/expect': [ '4.1.9' ],
55 silly audit   '@vitest/mocker': [ '4.1.9' ],
55 silly audit   '@vitest/pretty-format': [ '4.1.9' ],
55 silly audit   '@vitest/runner': [ '4.1.9' ],
55 silly audit   '@vitest/snapshot': [ '4.1.9' ],
55 silly audit   '@vitest/spy': [ '4.1.9' ],
55 silly audit   '@vitest/utils': [ '4.1.9' ],
55 silly audit   'agent-base': [ '6.0.2' ],
55 silly audit   'ansi-regex': [ '5.0.1' ],
55 silly audit   'ansi-styles': [ '5.2.0' ],
55 silly audit   'aria-query': [ '5.3.0' ],
55 silly audit   'assertion-error': [ '2.0.1' ],
55 silly audit   asynckit: [ '0.4.0' ],
55 silly audit   axios: [ '1.18.1' ],
55 silly audit   bail: [ '2.0.2' ],
55 silly audit   'bidi-js': [ '1.0.3' ],
55 silly audit   'call-bind-apply-helpers': [ '1.0.2' ],
55 silly audit   ccount: [ '2.0.1' ],
55 silly audit   chai: [ '6.2.2' ],
55 silly audit   'character-entities': [ '2.0.2' ],
55 silly audit   'character-entities-html4': [ '2.1.0' ],
55 silly audit   'character-entities-legacy': [ '3.0.0' ],
55 silly audit   'character-reference-invalid': [ '2.0.1' ],
55 silly audit   clsx: [ '2.1.1' ],
55 silly audit   'combined-stream': [ '1.0.8' ],
55 silly audit   'comma-separated-tokens': [ '2.0.3' ],
55 silly audit   'convert-source-map': [ '2.0.0' ],
55 silly audit   cookie: [ '1.1.1' ],
55 silly audit   'css-tree': [ '3.2.1' ],
55 silly audit   'css.escape': [ '1.5.1' ],
55 silly audit   'd3-array': [ '3.2.4' ],
55 silly audit   'd3-color': [ '3.1.0' ],
55 silly audit   'd3-ease': [ '3.0.1' ],
55 silly audit   'd3-format': [ '3.1.2' ],
55 silly audit   'd3-interpolate': [ '3.0.1' ],
55 silly audit   'd3-path': [ '3.1.0' ],
55 silly audit   'd3-scale': [ '4.0.2' ],
55 silly audit   'd3-shape': [ '3.2.0' ],
55 silly audit   'd3-time': [ '3.1.0' ],
55 silly audit   'd3-time-format': [ '4.1.0' ],
55 silly audit   'd3-timer': [ '3.0.1' ],
55 silly audit   'data-urls': [ '7.0.0' ],
55 silly audit   debug: [ '4.4.3' ],
55 silly audit   'decimal.js': [ '10.6.0' ],
55 silly audit   'decimal.js-light': [ '2.5.1' ],
55 silly audit   'decode-named-character-reference': [ '1.3.0' ],
55 silly audit   'delayed-stream': [ '1.0.0' ],
55 silly audit   dequal: [ '2.0.3' ],
55 silly audit   'detect-libc': [ '2.1.2' ],
55 silly audit   devlop: [ '1.1.0' ],
55 silly audit   'dunder-proto': [ '1.0.1' ],
55 silly audit   entities: [ '8.0.0' ],
55 silly audit   'es-define-property': [ '1.0.1' ],
55 silly audit   'es-errors': [ '1.3.0' ],
55 silly audit   'es-module-lexer': [ '2.2.0' ],
55 silly audit   'es-object-atoms': [ '1.1.2' ],
55 silly audit   'es-set-tostringtag': [ '2.1.0' ],
55 silly audit   'es-toolkit': [ '1.49.0' ],
55 silly audit   'estree-util-is-identifier-name': [ '3.0.0' ],
55 silly audit   'estree-walker': [ '3.0.3' ],
55 silly audit   eventemitter3: [ '5.0.4' ],
55 silly audit   'expect-type': [ '1.4.0' ],
55 silly audit   extend: [ '3.0.2' ],
55 silly audit   fdir: [ '6.5.0' ],
55 silly audit   'follow-redirects': [ '1.16.0' ],
55 silly audit   'form-data': [ '4.0.6' ],
55 silly audit   fsevents: [ '2.3.3' ],
55 silly audit   'function-bind': [ '1.1.2' ],
55 silly audit   'get-intrinsic': [ '1.3.0' ],
55 silly audit   'get-proto': [ '1.0.1' ],
55 silly audit   'glob-to-regexp': [ '0.4.1' ],
55 silly audit   gopd: [ '1.2.0' ],
55 silly audit   'has-symbols': [ '1.1.0' ],
55 silly audit   'has-tostringtag': [ '1.0.2' ],
55 silly audit   hasown: [ '2.0.4' ],
55 silly audit   'hast-util-to-jsx-runtime': [ '2.3.6' ],
55 silly audit   'hast-util-whitespace': [ '3.0.0' ],
55 silly audit   'html-encoding-sniffer': [ '6.0.0' ],
55 silly audit   'html-url-attributes': [ '3.0.1' ],
55 silly audit   'https-proxy-agent': [ '5.0.1' ],
55 silly audit   'indent-string': [ '4.0.0' ],
55 silly audit   'inline-style-parser': [ '0.2.7' ],
55 silly audit   internmap: [ '2.0.3' ],
55 silly audit   'is-alphabetical': [ '2.0.1' ],
55 silly audit   'is-alphanumerical': [ '2.0.1' ],
55 silly audit   'is-decimal': [ '2.0.1' ],
55 silly audit   'is-hexadecimal': [ '2.0.1' ],
55 silly audit   'is-plain-obj': [ '4.1.0' ],
55 silly audit   'is-potential-custom-element-name': [ '1.0.1' ],
55 silly audit   'js-cookie': [ '3.0.7' ],
55 silly audit   'js-tokens': [ '4.0.0' ],
55 silly audit   jsdom: [ '29.1.1' ],
55 silly audit   leaflet: [ '1.9.4' ],
55 silly audit   lightningcss: [ '1.32.0' ],
55 silly audit   'lightningcss-android-arm64': [ '1.32.0' ],
55 silly audit   'lightningcss-darwin-arm64': [ '1.32.0' ],
55 silly audit   'lightningcss-darwin-x64': [ '1.32.0' ],
55 silly audit   'lightningcss-freebsd-x64': [ '1.32.0' ],
55 silly audit   'lightningcss-linux-arm-gnueabihf': [ '1.32.0' ],
55 silly audit   'lightningcss-linux-arm64-gnu': [ '1.32.0' ],
55 silly audit   'lightningcss-linux-arm64-musl': [ '1.32.0' ],
55 silly audit   'lightningcss-linux-x64-gnu': [ '1.32.0' ],
55 silly audit   'lightningcss-linux-x64-musl': [ '1.32.0' ],
55 silly audit   'lightningcss-win32-arm64-msvc': [ '1.32.0' ],
55 silly audit   'lightningcss-win32-x64-msvc': [ '1.32.0' ],
55 silly audit   'longest-streak': [ '3.1.0' ],
55 silly audit   'lru-cache': [ '11.5.1' ],
55 silly audit   'lz-string': [ '1.5.0' ],
55 silly audit   'magic-string': [ '0.30.21' ],
55 silly audit   'math-intrinsics': [ '1.1.0' ],
55 silly audit   'mdast-util-from-markdown': [ '2.0.3' ],
55 silly audit   'mdast-util-mdx-expression': [ '2.0.1' ],
55 silly audit   'mdast-util-mdx-jsx': [ '3.2.0' ],
55 silly audit   'mdast-util-mdxjs-esm': [ '2.0.1' ],
55 silly audit   'mdast-util-phrasing': [ '4.1.0' ],
55 silly audit   'mdast-util-to-hast': [ '13.2.1' ],
55 silly audit   'mdast-util-to-markdown': [ '2.1.2' ],
55 silly audit   'mdast-util-to-string': [ '4.0.0' ],
55 silly audit   'mdn-data': [ '2.27.1' ],
55 silly audit   micromark: [ '4.0.2' ],
55 silly audit   'micromark-core-commonmark': [ '2.0.3' ],
55 silly audit   'micromark-factory-destination': [ '2.0.1' ],
55 silly audit   'micromark-factory-label': [ '2.0.1' ],
55 silly audit   'micromark-factory-space': [ '2.0.1' ],
55 silly audit   'micromark-factory-title': [ '2.0.1' ],
55 silly audit   'micromark-factory-whitespace': [ '2.0.1' ],
55 silly audit   'micromark-util-character': [ '2.1.1' ],
55 silly audit   'micromark-util-chunked': [ '2.0.1' ],
55 silly audit   'micromark-util-classify-character': [ '2.0.1' ],
55 silly audit   'micromark-util-combine-extensions': [ '2.0.1' ],
55 silly audit   'micromark-util-decode-numeric-character-reference': [ '2.0.2' ],
55 silly audit   'micromark-util-decode-string': [ '2.0.1' ],
55 silly audit   'micromark-util-encode': [ '2.0.1' ],
55 silly audit   'micromark-util-html-tag-name': [ '2.0.1' ],
55 silly audit   'micromark-util-normalize-identifier': [ '2.0.1' ],
55 silly audit   'micromark-util-resolve-all': [ '2.0.1' ],
55 silly audit   'micromark-util-sanitize-uri': [ '2.0.1' ],
55 silly audit   'micromark-util-subtokenize': [ '2.1.0' ],
55 silly audit   'micromark-util-symbol': [ '2.0.1' ],
55 silly audit   'micromark-util-types': [ '2.0.2' ],
55 silly audit   'mime-db': [ '1.52.0' ],
55 silly audit   'mime-types': [ '2.1.35' ],
55 silly audit   'min-indent': [ '1.0.1' ],
55 silly audit   ms: [ '2.1.3' ],
55 silly audit   nanoid: [ '3.3.15' ],
55 silly audit   obug: [ '2.1.3' ],
55 silly audit   oxlint: [ '1.71.0' ],
55 silly audit   'parse-entities': [ '4.0.2' ],
55 silly audit   parse5: [ '8.0.1' ],
55 silly audit   pathe: [ '2.0.3' ],
55 silly audit   picocolors: [ '1.1.1' ],
55 silly audit   picomatch: [ '4.0.4' ],
55 silly audit   postcss: [ '8.5.15' ],
55 silly audit   'pretty-format': [ '27.5.1' ],
55 silly audit   'react-is': [ '17.0.2', '19.2.7' ],
55 silly audit   'property-information': [ '7.2.0' ],
55 silly audit   'proxy-from-env': [ '2.1.0' ],
55 silly audit   punycode: [ '2.3.1' ],
55 silly audit   react: [ '19.2.7' ],
55 silly audit   'react-dom': [ '19.2.7' ],
55 silly audit   'react-leaflet': [ '5.0.0' ],
55 silly audit   'react-markdown': [ '10.1.0' ],
55 silly audit   'react-redux': [ '9.3.0' ],
55 silly audit   'react-router': [ '7.18.0' ],
55 silly audit   'react-router-dom': [ '7.18.0' ],
55 silly audit   recharts: [ '3.9.0' ],
55 silly audit   redent: [ '3.0.0' ],
55 silly audit   redux: [ '5.0.1' ],
55 silly audit   'redux-thunk': [ '3.1.0' ],
55 silly audit   'remark-parse': [ '11.0.0' ],
55 silly audit   'remark-rehype': [ '11.1.2' ],
55 silly audit   'require-from-string': [ '2.0.2' ],
55 silly audit   reselect: [ '5.2.0' ],
55 silly audit   rolldown: [ '1.1.3' ],
55 silly audit   saxes: [ '6.0.0' ],
55 silly audit   scheduler: [ '0.27.0' ],
55 silly audit   'set-cookie-parser': [ '2.7.2' ],
55 silly audit   siginfo: [ '2.0.0' ],
55 silly audit   'source-map-js': [ '1.2.1' ],
55 silly audit   'space-separated-tokens': [ '2.0.2' ],
55 silly audit   stackback: [ '0.0.2' ],
55 silly audit   'std-env': [ '3.10.0', '4.1.0' ],
55 silly audit   'stringify-entities': [ '4.0.4' ],
55 silly audit   'strip-indent': [ '3.0.0' ],
55 silly audit   'style-to-js': [ '1.1.21' ],
55 silly audit   'style-to-object': [ '1.0.14' ],
55 silly audit   swr: [ '2.3.4' ],
55 silly audit   'symbol-tree': [ '3.2.4' ],
55 silly audit   'tiny-invariant': [ '1.3.3' ],
55 silly audit   tinybench: [ '2.9.0' ],
55 silly audit   tinyexec: [ '1.2.4' ],
55 silly audit   tinyglobby: [ '0.2.17' ],
55 silly audit   tinyrainbow: [ '3.1.0' ],
55 silly audit   tldts: [ '7.4.5' ],
55 silly audit   'tldts-core': [ '7.4.5' ],
55 silly audit   'tough-cookie': [ '6.0.1' ],
55 silly audit   tr46: [ '6.0.0' ],
55 silly audit   'trim-lines': [ '3.0.1' ],
55 silly audit   trough: [ '2.2.0' ],
55 silly audit   tslib: [ '2.8.1' ],
55 silly audit   undici: [ '7.28.0' ],
55 silly audit   unified: [ '11.0.5' ],
55 silly audit   'unist-util-is': [ '6.0.1' ],
55 silly audit   'unist-util-position': [ '5.0.0' ],
55 silly audit   'unist-util-stringify-position': [ '4.0.0' ],
55 silly audit   'unist-util-visit': [ '5.1.0' ],
55 silly audit   'unist-util-visit-parents': [ '6.0.2' ],
55 silly audit   'use-sync-external-store': [ '1.6.0' ],
55 silly audit   vfile: [ '6.0.3' ],
55 silly audit   'vfile-message': [ '4.0.3' ],
55 silly audit   'victory-vendor': [ '37.3.6' ],
55 silly audit   vite: [ '8.1.0' ],
55 silly audit   vitest: [ '4.1.9' ],
55 silly audit   'w3c-xmlserializer': [ '5.0.0' ],
55 silly audit   'webidl-conversions': [ '8.0.1' ],
55 silly audit   'whatwg-mimetype': [ '5.0.0' ],
55 silly audit   'whatwg-url': [ '16.0.1' ],
55 silly audit   'why-is-node-running': [ '2.3.0' ],
55 silly audit   'xml-name-validator': [ '5.0.0' ],
55 silly audit   xmlchars: [ '2.2.0' ],
55 silly audit   zwitch: [ '2.0.4' ],
55 silly audit   '@sentry/react': [ '10.62.0' ],
55 silly audit   '@sentry/browser': [ '10.62.0' ],
55 silly audit   '@sentry/core': [ '10.62.0' ],
55 silly audit   '@sentry/browser-utils': [ '10.62.0' ],
55 silly audit   '@sentry/feedback': [ '10.62.0' ],
55 silly audit   '@sentry/replay': [ '10.62.0' ],
55 silly audit   '@sentry/replay-canvas': [ '10.62.0' ]
55 silly audit }
56 http cache @sentry/replay-canvas@https://registry.npmjs.org/@sentry/replay-canvas/-/replay-canvas-10.62.0.tgz 1ms (cache hit)
57 http cache @sentry/replay@https://registry.npmjs.org/@sentry/replay/-/replay-10.62.0.tgz 0ms (cache hit)
58 http cache @sentry/feedback@https://registry.npmjs.org/@sentry/feedback/-/feedback-10.62.0.tgz 0ms (cache hit)
59 http cache @sentry/browser-utils@https://registry.npmjs.org/@sentry/browser-utils/-/browser-utils-10.62.0.tgz 0ms (cache hit)
60 http cache @sentry/browser@https://registry.npmjs.org/@sentry/browser/-/browser-10.62.0.tgz 0ms (cache hit)
61 http cache @sentry/core@https://registry.npmjs.org/@sentry/core/-/core-10.62.0.tgz 0ms (cache hit)
62 http cache @sentry/react@https://registry.npmjs.org/@sentry/react/-/react-10.62.0.tgz 0ms (cache hit)
63 http cache vfile-message@https://registry.npmjs.org/vfile-message/-/vfile-message-4.0.3.tgz 0ms (cache hit)
64 http cache zwitch@https://registry.npmjs.org/zwitch/-/zwitch-2.0.4.tgz 0ms (cache hit)
65 http cache vfile@https://registry.npmjs.org/vfile/-/vfile-6.0.3.tgz 0ms (cache hit)
66 http cache unist-util-visit-parents@https://registry.npmjs.org/unist-util-visit-parents/-/unist-util-visit-parents-6.0.2.tgz 0ms (cache hit)
67 http cache unist-util-stringify-position@https://registry.npmjs.org/unist-util-stringify-position/-/unist-util-stringify-position-4.0.0.tgz 0ms (cache hit)
68 http cache unist-util-position@https://registry.npmjs.org/unist-util-position/-/unist-util-position-5.0.0.tgz 0ms (cache hit)
69 http cache unist-util-is@https://registry.npmjs.org/unist-util-is/-/unist-util-is-6.0.1.tgz 0ms (cache hit)
70 http cache unist-util-visit@https://registry.npmjs.org/unist-util-visit/-/unist-util-visit-5.1.0.tgz 0ms (cache hit)
71 http cache unified@https://registry.npmjs.org/unified/-/unified-11.0.5.tgz 0ms (cache hit)
72 http cache trim-lines@https://registry.npmjs.org/trim-lines/-/trim-lines-3.0.1.tgz 0ms (cache hit)
73 http cache trough@https://registry.npmjs.org/trough/-/trough-2.2.0.tgz 0ms (cache hit)
74 http cache style-to-object@https://registry.npmjs.org/style-to-object/-/style-to-object-1.0.14.tgz 0ms (cache hit)
75 http cache style-to-js@https://registry.npmjs.org/style-to-js/-/style-to-js-1.1.21.tgz 0ms (cache hit)
76 http cache stringify-entities@https://registry.npmjs.org/stringify-entities/-/stringify-entities-4.0.4.tgz 0ms (cache hit)
77 http cache space-separated-tokens@https://registry.npmjs.org/space-separated-tokens/-/space-separated-tokens-2.0.2.tgz 0ms (cache hit)
78 http cache remark-rehype@https://registry.npmjs.org/remark-rehype/-/remark-rehype-11.1.2.tgz 0ms (cache hit)
79 http cache remark-parse@https://registry.npmjs.org/remark-parse/-/remark-parse-11.0.0.tgz 0ms (cache hit)
80 http cache react-markdown@https://registry.npmjs.org/react-markdown/-/react-markdown-10.1.0.tgz 0ms (cache hit)
81 http cache property-information@https://registry.npmjs.org/property-information/-/property-information-7.2.0.tgz 0ms (cache hit)
82 http cache parse-entities@https://registry.npmjs.org/parse-entities/-/parse-entities-4.0.2.tgz 0ms (cache hit)
83 http cache micromark-util-types@https://registry.npmjs.org/micromark-util-types/-/micromark-util-types-2.0.2.tgz 0ms (cache hit)
84 http cache micromark-util-symbol@https://registry.npmjs.org/micromark-util-symbol/-/micromark-util-symbol-2.0.1.tgz 0ms (cache hit)
85 http cache micromark-util-subtokenize@https://registry.npmjs.org/micromark-util-subtokenize/-/micromark-util-subtokenize-2.1.0.tgz 0ms (cache hit)
86 http cache micromark-util-resolve-all@https://registry.npmjs.org/micromark-util-resolve-all/-/micromark-util-resolve-all-2.0.1.tgz 0ms (cache hit)
87 http cache micromark-util-sanitize-uri@https://registry.npmjs.org/micromark-util-sanitize-uri/-/micromark-util-sanitize-uri-2.0.1.tgz 0ms (cache hit)
88 http cache micromark-util-normalize-identifier@https://registry.npmjs.org/micromark-util-normalize-identifier/-/micromark-util-normalize-identifier-2.0.1.tgz 0ms (cache hit)
89 http cache micromark-util-encode@https://registry.npmjs.org/micromark-util-encode/-/micromark-util-encode-2.0.1.tgz 0ms (cache hit)
90 http cache micromark-util-decode-string@https://registry.npmjs.org/micromark-util-decode-string/-/micromark-util-decode-string-2.0.1.tgz 0ms (cache hit)
91 http cache micromark-util-decode-numeric-character-reference@https://registry.npmjs.org/micromark-util-decode-numeric-character-reference/-/micromark-util-decode-numeric-character-reference-2.0.2.tgz 0ms (cache hit)
92 http cache micromark-util-combine-extensions@https://registry.npmjs.org/micromark-util-combine-extensions/-/micromark-util-combine-extensions-2.0.1.tgz 0ms (cache hit)
93 http cache micromark-util-classify-character@https://registry.npmjs.org/micromark-util-classify-character/-/micromark-util-classify-character-2.0.1.tgz 0ms (cache hit)
94 http cache micromark-util-html-tag-name@https://registry.npmjs.org/micromark-util-html-tag-name/-/micromark-util-html-tag-name-2.0.1.tgz 0ms (cache hit)
95 http cache micromark-util-chunked@https://registry.npmjs.org/micromark-util-chunked/-/micromark-util-chunked-2.0.1.tgz 0ms (cache hit)
96 http cache micromark-util-character@https://registry.npmjs.org/micromark-util-character/-/micromark-util-character-2.1.1.tgz 0ms (cache hit)
97 http cache micromark-factory-whitespace@https://registry.npmjs.org/micromark-factory-whitespace/-/micromark-factory-whitespace-2.0.1.tgz 0ms (cache hit)
98 http cache micromark-factory-title@https://registry.npmjs.org/micromark-factory-title/-/micromark-factory-title-2.0.1.tgz 0ms (cache hit)
99 http cache micromark-factory-space@https://registry.npmjs.org/micromark-factory-space/-/micromark-factory-space-2.0.1.tgz 0ms (cache hit)
100 http cache micromark-factory-label@https://registry.npmjs.org/micromark-factory-label/-/micromark-factory-label-2.0.1.tgz 0ms (cache hit)
101 http cache micromark-factory-destination@https://registry.npmjs.org/micromark-factory-destination/-/micromark-factory-destination-2.0.1.tgz 0ms (cache hit)
102 http cache micromark-core-commonmark@https://registry.npmjs.org/micromark-core-commonmark/-/micromark-core-commonmark-2.0.3.tgz 0ms (cache hit)
103 http cache micromark@https://registry.npmjs.org/micromark/-/micromark-4.0.2.tgz 0ms (cache hit)
104 http cache mdast-util-to-string@https://registry.npmjs.org/mdast-util-to-string/-/mdast-util-to-string-4.0.0.tgz 0ms (cache hit)
105 http cache mdast-util-to-markdown@https://registry.npmjs.org/mdast-util-to-markdown/-/mdast-util-to-markdown-2.1.2.tgz 0ms (cache hit)
106 http cache mdast-util-to-hast@https://registry.npmjs.org/mdast-util-to-hast/-/mdast-util-to-hast-13.2.1.tgz 0ms (cache hit)
107 http cache mdast-util-phrasing@https://registry.npmjs.org/mdast-util-phrasing/-/mdast-util-phrasing-4.1.0.tgz 0ms (cache hit)
108 http cache mdast-util-mdxjs-esm@https://registry.npmjs.org/mdast-util-mdxjs-esm/-/mdast-util-mdxjs-esm-2.0.1.tgz 0ms (cache hit)
109 http cache mdast-util-mdx-jsx@https://registry.npmjs.org/mdast-util-mdx-jsx/-/mdast-util-mdx-jsx-3.2.0.tgz 0ms (cache hit)
110 http cache mdast-util-mdx-expression@https://registry.npmjs.org/mdast-util-mdx-expression/-/mdast-util-mdx-expression-2.0.1.tgz 0ms (cache hit)
111 http cache mdast-util-from-markdown@https://registry.npmjs.org/mdast-util-from-markdown/-/mdast-util-from-markdown-2.0.3.tgz 0ms (cache hit)
112 http cache longest-streak@https://registry.npmjs.org/longest-streak/-/longest-streak-3.1.0.tgz 0ms (cache hit)
113 http cache is-hexadecimal@https://registry.npmjs.org/is-hexadecimal/-/is-hexadecimal-2.0.1.tgz 0ms (cache hit)
114 http cache is-decimal@https://registry.npmjs.org/is-decimal/-/is-decimal-2.0.1.tgz 0ms (cache hit)
115 http cache is-alphanumerical@https://registry.npmjs.org/is-alphanumerical/-/is-alphanumerical-2.0.1.tgz 0ms (cache hit)
116 http cache is-alphabetical@https://registry.npmjs.org/is-alphabetical/-/is-alphabetical-2.0.1.tgz 0ms (cache hit)
117 http cache inline-style-parser@https://registry.npmjs.org/inline-style-parser/-/inline-style-parser-0.2.7.tgz 0ms (cache hit)
118 http cache html-url-attributes@https://registry.npmjs.org/html-url-attributes/-/html-url-attributes-3.0.1.tgz 0ms (cache hit)
119 http cache hast-util-whitespace@https://registry.npmjs.org/hast-util-whitespace/-/hast-util-whitespace-3.0.0.tgz 0ms (cache hit)
120 http cache is-plain-obj@https://registry.npmjs.org/is-plain-obj/-/is-plain-obj-4.1.0.tgz 0ms (cache hit)
121 http cache hast-util-to-jsx-runtime@https://registry.npmjs.org/hast-util-to-jsx-runtime/-/hast-util-to-jsx-runtime-2.3.6.tgz 0ms (cache hit)
122 http cache extend@https://registry.npmjs.org/extend/-/extend-3.0.2.tgz 0ms (cache hit)
123 http cache estree-util-is-identifier-name@https://registry.npmjs.org/estree-util-is-identifier-name/-/estree-util-is-identifier-name-3.0.0.tgz 0ms (cache hit)
124 http cache devlop@https://registry.npmjs.org/devlop/-/devlop-1.1.0.tgz 0ms (cache hit)
125 http cache decode-named-character-reference@https://registry.npmjs.org/decode-named-character-reference/-/decode-named-character-reference-1.3.0.tgz 0ms (cache hit)
126 http cache comma-separated-tokens@https://registry.npmjs.org/comma-separated-tokens/-/comma-separated-tokens-2.0.3.tgz 0ms (cache hit)
127 http cache character-reference-invalid@https://registry.npmjs.org/character-reference-invalid/-/character-reference-invalid-2.0.1.tgz 0ms (cache hit)
128 http cache character-entities-legacy@https://registry.npmjs.org/character-entities-legacy/-/character-entities-legacy-3.0.0.tgz 0ms (cache hit)
129 http cache character-entities-html4@https://registry.npmjs.org/character-entities-html4/-/character-entities-html4-2.1.0.tgz 0ms (cache hit)
130 http cache character-entities@https://registry.npmjs.org/character-entities/-/character-entities-2.0.2.tgz 0ms (cache hit)
131 http cache ccount@https://registry.npmjs.org/ccount/-/ccount-2.0.1.tgz 0ms (cache hit)
132 http cache bail@https://registry.npmjs.org/bail/-/bail-2.0.2.tgz 0ms (cache hit)
133 http cache @ungap/structured-clone@https://registry.npmjs.org/@ungap/structured-clone/-/structured-clone-1.3.2.tgz 0ms (cache hit)
134 http cache @types/unist@https://registry.npmjs.org/@types/unist/-/unist-3.0.3.tgz 0ms (cache hit)
135 http cache @types/ms@https://registry.npmjs.org/@types/ms/-/ms-2.1.0.tgz 0ms (cache hit)
136 http cache @types/mdast@https://registry.npmjs.org/@types/mdast/-/mdast-4.0.4.tgz 0ms (cache hit)
137 http cache @types/hast@https://registry.npmjs.org/@types/hast/-/hast-3.0.4.tgz 0ms (cache hit)
138 http cache @types/debug@https://registry.npmjs.org/@types/debug/-/debug-4.1.13.tgz 0ms (cache hit)
139 http cache @types/estree-jsx@https://registry.npmjs.org/@types/estree-jsx/-/estree-jsx-1.0.5.tgz 0ms (cache hit)
140 http cache @types/unist@https://registry.npmjs.org/@types/unist/-/unist-2.0.11.tgz 0ms (cache hit)
141 silly tarball no local data for @sentry/replay-canvas@https://registry.npmjs.org/@sentry/replay-canvas/-/replay-canvas-10.62.0.tgz. Extracting by manifest.
142 silly tarball no local data for @sentry/replay@https://registry.npmjs.org/@sentry/replay/-/replay-10.62.0.tgz. Extracting by manifest.
143 silly tarball no local data for @sentry/feedback@https://registry.npmjs.org/@sentry/feedback/-/feedback-10.62.0.tgz. Extracting by manifest.
144 silly tarball no local data for @sentry/browser-utils@https://registry.npmjs.org/@sentry/browser-utils/-/browser-utils-10.62.0.tgz. Extracting by manifest.
145 silly tarball no local data for @sentry/browser@https://registry.npmjs.org/@sentry/browser/-/browser-10.62.0.tgz. Extracting by manifest.
146 silly tarball no local data for @sentry/core@https://registry.npmjs.org/@sentry/core/-/core-10.62.0.tgz. Extracting by manifest.
147 silly tarball no local data for @sentry/react@https://registry.npmjs.org/@sentry/react/-/react-10.62.0.tgz. Extracting by manifest.
148 silly tarball no local data for vfile-message@https://registry.npmjs.org/vfile-message/-/vfile-message-4.0.3.tgz. Extracting by manifest.
149 silly tarball no local data for zwitch@https://registry.npmjs.org/zwitch/-/zwitch-2.0.4.tgz. Extracting by manifest.
150 silly tarball no local data for vfile@https://registry.npmjs.org/vfile/-/vfile-6.0.3.tgz. Extracting by manifest.
151 silly tarball no local data for unist-util-visit-parents@https://registry.npmjs.org/unist-util-visit-parents/-/unist-util-visit-parents-6.0.2.tgz. Extracting by manifest.
152 silly tarball no local data for unist-util-stringify-position@https://registry.npmjs.org/unist-util-stringify-position/-/unist-util-stringify-position-4.0.0.tgz. Extracting by manifest.
153 silly tarball no local data for unist-util-position@https://registry.npmjs.org/unist-util-position/-/unist-util-position-5.0.0.tgz. Extracting by manifest.
154 silly tarball no local data for unist-util-is@https://registry.npmjs.org/unist-util-is/-/unist-util-is-6.0.1.tgz. Extracting by manifest.
155 silly tarball no local data for unist-util-visit@https://registry.npmjs.org/unist-util-visit/-/unist-util-visit-5.1.0.tgz. Extracting by manifest.
156 silly tarball no local data for unified@https://registry.npmjs.org/unified/-/unified-11.0.5.tgz. Extracting by manifest.
157 silly tarball no local data for trim-lines@https://registry.npmjs.org/trim-lines/-/trim-lines-3.0.1.tgz. Extracting by manifest.
158 silly tarball no local data for trough@https://registry.npmjs.org/trough/-/trough-2.2.0.tgz. Extracting by manifest.
159 silly tarball no local data for style-to-object@https://registry.npmjs.org/style-to-object/-/style-to-object-1.0.14.tgz. Extracting by manifest.
160 silly tarball no local data for style-to-js@https://registry.npmjs.org/style-to-js/-/style-to-js-1.1.21.tgz. Extracting by manifest.
161 silly tarball no local data for stringify-entities@https://registry.npmjs.org/stringify-entities/-/stringify-entities-4.0.4.tgz. Extracting by manifest.
162 silly tarball no local data for space-separated-tokens@https://registry.npmjs.org/space-separated-tokens/-/space-separated-tokens-2.0.2.tgz. Extracting by manifest.
163 silly tarball no local data for remark-rehype@https://registry.npmjs.org/remark-rehype/-/remark-rehype-11.1.2.tgz. Extracting by manifest.
164 silly tarball no local data for remark-parse@https://registry.npmjs.org/remark-parse/-/remark-parse-11.0.0.tgz. Extracting by manifest.
165 silly tarball no local data for react-markdown@https://registry.npmjs.org/react-markdown/-/react-markdown-10.1.0.tgz. Extracting by manifest.
166 silly tarball no local data for property-information@https://registry.npmjs.org/property-information/-/property-information-7.2.0.tgz. Extracting by manifest.
167 silly tarball no local data for parse-entities@https://registry.npmjs.org/parse-entities/-/parse-entities-4.0.2.tgz. Extracting by manifest.
168 silly tarball no local data for micromark-util-types@https://registry.npmjs.org/micromark-util-types/-/micromark-util-types-2.0.2.tgz. Extracting by manifest.
169 silly tarball no local data for micromark-util-symbol@https://registry.npmjs.org/micromark-util-symbol/-/micromark-util-symbol-2.0.1.tgz. Extracting by manifest.
170 silly tarball no local data for micromark-util-subtokenize@https://registry.npmjs.org/micromark-util-subtokenize/-/micromark-util-subtokenize-2.1.0.tgz. Extracting by manifest.
171 silly tarball no local data for micromark-util-resolve-all@https://registry.npmjs.org/micromark-util-resolve-all/-/micromark-util-resolve-all-2.0.1.tgz. Extracting by manifest.
172 silly tarball no local data for micromark-util-sanitize-uri@https://registry.npmjs.org/micromark-util-sanitize-uri/-/micromark-util-sanitize-uri-2.0.1.tgz. Extracting by manifest.
173 silly tarball no local data for micromark-util-normalize-identifier@https://registry.npmjs.org/micromark-util-normalize-identifier/-/micromark-util-normalize-identifier-2.0.1.tgz. Extracting by manifest.
174 silly tarball no local data for micromark-util-encode@https://registry.npmjs.org/micromark-util-encode/-/micromark-util-encode-2.0.1.tgz. Extracting by manifest.
175 silly tarball no local data for micromark-util-decode-string@https://registry.npmjs.org/micromark-util-decode-string/-/micromark-util-decode-string-2.0.1.tgz. Extracting by manifest.
176 silly tarball no local data for micromark-util-decode-numeric-character-reference@https://registry.npmjs.org/micromark-util-decode-numeric-character-reference/-/micromark-util-decode-numeric-character-reference-2.0.2.tgz. Extracting by manifest.
177 silly tarball no local data for micromark-util-combine-extensions@https://registry.npmjs.org/micromark-util-combine-extensions/-/micromark-util-combine-extensions-2.0.1.tgz. Extracting by manifest.
178 silly tarball no local data for micromark-util-classify-character@https://registry.npmjs.org/micromark-util-classify-character/-/micromark-util-classify-character-2.0.1.tgz. Extracting by manifest.
179 silly tarball no local data for micromark-util-html-tag-name@https://registry.npmjs.org/micromark-util-html-tag-name/-/micromark-util-html-tag-name-2.0.1.tgz. Extracting by manifest.
180 silly tarball no local data for micromark-util-chunked@https://registry.npmjs.org/micromark-util-chunked/-/micromark-util-chunked-2.0.1.tgz. Extracting by manifest.
181 silly tarball no local data for micromark-util-character@https://registry.npmjs.org/micromark-util-character/-/micromark-util-character-2.1.1.tgz. Extracting by manifest.
182 silly tarball no local data for micromark-factory-whitespace@https://registry.npmjs.org/micromark-factory-whitespace/-/micromark-factory-whitespace-2.0.1.tgz. Extracting by manifest.
183 silly tarball no local data for micromark-factory-title@https://registry.npmjs.org/micromark-factory-title/-/micromark-factory-title-2.0.1.tgz. Extracting by manifest.
184 silly tarball no local data for micromark-factory-space@https://registry.npmjs.org/micromark-factory-space/-/micromark-factory-space-2.0.1.tgz. Extracting by manifest.
185 silly tarball no local data for micromark-factory-label@https://registry.npmjs.org/micromark-factory-label/-/micromark-factory-label-2.0.1.tgz. Extracting by manifest.
186 silly tarball no local data for micromark-factory-destination@https://registry.npmjs.org/micromark-factory-destination/-/micromark-factory-destination-2.0.1.tgz. Extracting by manifest.
187 silly tarball no local data for micromark-core-commonmark@https://registry.npmjs.org/micromark-core-commonmark/-/micromark-core-commonmark-2.0.3.tgz. Extracting by manifest.
188 silly tarball no local data for micromark@https://registry.npmjs.org/micromark/-/micromark-4.0.2.tgz. Extracting by manifest.
189 silly tarball no local data for mdast-util-to-string@https://registry.npmjs.org/mdast-util-to-string/-/mdast-util-to-string-4.0.0.tgz. Extracting by manifest.
190 silly tarball no local data for mdast-util-to-markdown@https://registry.npmjs.org/mdast-util-to-markdown/-/mdast-util-to-markdown-2.1.2.tgz. Extracting by manifest.
191 silly tarball no local data for mdast-util-to-hast@https://registry.npmjs.org/mdast-util-to-hast/-/mdast-util-to-hast-13.2.1.tgz. Extracting by manifest.
192 silly tarball no local data for mdast-util-phrasing@https://registry.npmjs.org/mdast-util-phrasing/-/mdast-util-phrasing-4.1.0.tgz. Extracting by manifest.
193 silly tarball no local data for mdast-util-mdxjs-esm@https://registry.npmjs.org/mdast-util-mdxjs-esm/-/mdast-util-mdxjs-esm-2.0.1.tgz. Extracting by manifest.
194 silly tarball no local data for mdast-util-mdx-jsx@https://registry.npmjs.org/mdast-util-mdx-jsx/-/mdast-util-mdx-jsx-3.2.0.tgz. Extracting by manifest.
195 silly tarball no local data for mdast-util-mdx-expression@https://registry.npmjs.org/mdast-util-mdx-expression/-/mdast-util-mdx-expression-2.0.1.tgz. Extracting by manifest.
196 silly tarball no local data for mdast-util-from-markdown@https://registry.npmjs.org/mdast-util-from-markdown/-/mdast-util-from-markdown-2.0.3.tgz. Extracting by manifest.
197 silly tarball no local data for longest-streak@https://registry.npmjs.org/longest-streak/-/longest-streak-3.1.0.tgz. Extracting by manifest.
198 silly tarball no local data for is-hexadecimal@https://registry.npmjs.org/is-hexadecimal/-/is-hexadecimal-2.0.1.tgz. Extracting by manifest.
199 silly tarball no local data for is-decimal@https://registry.npmjs.org/is-decimal/-/is-decimal-2.0.1.tgz. Extracting by manifest.
200 silly tarball no local data for is-alphanumerical@https://registry.npmjs.org/is-alphanumerical/-/is-alphanumerical-2.0.1.tgz. Extracting by manifest.
201 silly tarball no local data for is-alphabetical@https://registry.npmjs.org/is-alphabetical/-/is-alphabetical-2.0.1.tgz. Extracting by manifest.
202 silly tarball no local data for inline-style-parser@https://registry.npmjs.org/inline-style-parser/-/inline-style-parser-0.2.7.tgz. Extracting by manifest.
203 silly tarball no local data for html-url-attributes@https://registry.npmjs.org/html-url-attributes/-/html-url-attributes-3.0.1.tgz. Extracting by manifest.
204 silly tarball no local data for hast-util-whitespace@https://registry.npmjs.org/hast-util-whitespace/-/hast-util-whitespace-3.0.0.tgz. Extracting by manifest.
205 silly tarball no local data for is-plain-obj@https://registry.npmjs.org/is-plain-obj/-/is-plain-obj-4.1.0.tgz. Extracting by manifest.
206 silly tarball no local data for hast-util-to-jsx-runtime@https://registry.npmjs.org/hast-util-to-jsx-runtime/-/hast-util-to-jsx-runtime-2.3.6.tgz. Extracting by manifest.
207 silly tarball no local data for extend@https://registry.npmjs.org/extend/-/extend-3.0.2.tgz. Extracting by manifest.
208 silly tarball no local data for estree-util-is-identifier-name@https://registry.npmjs.org/estree-util-is-identifier-name/-/estree-util-is-identifier-name-3.0.0.tgz. Extracting by manifest.
209 silly tarball no local data for devlop@https://registry.npmjs.org/devlop/-/devlop-1.1.0.tgz. Extracting by manifest.
210 silly tarball no local data for decode-named-character-reference@https://registry.npmjs.org/decode-named-character-reference/-/decode-named-character-reference-1.3.0.tgz. Extracting by manifest.
211 silly tarball no local data for comma-separated-tokens@https://registry.npmjs.org/comma-separated-tokens/-/comma-separated-tokens-2.0.3.tgz. Extracting by manifest.
212 silly tarball no local data for character-reference-invalid@https://registry.npmjs.org/character-reference-invalid/-/character-reference-invalid-2.0.1.tgz. Extracting by manifest.
213 silly tarball no local data for character-entities-legacy@https://registry.npmjs.org/character-entities-legacy/-/character-entities-legacy-3.0.0.tgz. Extracting by manifest.
214 silly tarball no local data for character-entities-html4@https://registry.npmjs.org/character-entities-html4/-/character-entities-html4-2.1.0.tgz. Extracting by manifest.
215 silly tarball no local data for character-entities@https://registry.npmjs.org/character-entities/-/character-entities-2.0.2.tgz. Extracting by manifest.
216 silly tarball no local data for ccount@https://registry.npmjs.org/ccount/-/ccount-2.0.1.tgz. Extracting by manifest.
217 silly tarball no local data for bail@https://registry.npmjs.org/bail/-/bail-2.0.2.tgz. Extracting by manifest.
218 silly tarball no local data for @ungap/structured-clone@https://registry.npmjs.org/@ungap/structured-clone/-/structured-clone-1.3.2.tgz. Extracting by manifest.
219 silly tarball no local data for @types/unist@https://registry.npmjs.org/@types/unist/-/unist-3.0.3.tgz. Extracting by manifest.
220 silly tarball no local data for @types/ms@https://registry.npmjs.org/@types/ms/-/ms-2.1.0.tgz. Extracting by manifest.
221 silly tarball no local data for @types/mdast@https://registry.npmjs.org/@types/mdast/-/mdast-4.0.4.tgz. Extracting by manifest.
222 silly tarball no local data for @types/hast@https://registry.npmjs.org/@types/hast/-/hast-3.0.4.tgz. Extracting by manifest.
223 silly tarball no local data for @types/debug@https://registry.npmjs.org/@types/debug/-/debug-4.1.13.tgz. Extracting by manifest.
224 silly tarball no local data for @types/estree-jsx@https://registry.npmjs.org/@types/estree-jsx/-/estree-jsx-1.0.5.tgz. Extracting by manifest.
225 silly tarball no local data for @types/unist@https://registry.npmjs.org/@types/unist/-/unist-2.0.11.tgz. Extracting by manifest.
226 http fetch GET 200 https://registry.npmjs.org/unist-util-position/-/unist-util-position-5.0.0.tgz 172ms (cache miss)
227 http fetch GET 200 https://registry.npmjs.org/unist-util-is/-/unist-util-is-6.0.1.tgz 173ms (cache miss)
228 http fetch GET 200 https://registry.npmjs.org/vfile/-/vfile-6.0.3.tgz 175ms (cache miss)
229 http fetch GET 200 https://registry.npmjs.org/zwitch/-/zwitch-2.0.4.tgz 182ms (cache miss)
230 http fetch GET 200 https://registry.npmjs.org/vfile-message/-/vfile-message-4.0.3.tgz 183ms (cache miss)
231 http fetch GET 200 https://registry.npmjs.org/unist-util-stringify-position/-/unist-util-stringify-position-4.0.0.tgz 185ms (cache miss)
232 http fetch GET 200 https://registry.npmjs.org/unist-util-visit-parents/-/unist-util-visit-parents-6.0.2.tgz 194ms (cache miss)
233 http fetch GET 200 https://registry.npmjs.org/unist-util-visit/-/unist-util-visit-5.1.0.tgz 217ms (cache miss)
234 http fetch GET 200 https://registry.npmjs.org/trough/-/trough-2.2.0.tgz 219ms (cache miss)
235 http fetch GET 200 https://registry.npmjs.org/trim-lines/-/trim-lines-3.0.1.tgz 220ms (cache miss)
236 http fetch GET 200 https://registry.npmjs.org/unified/-/unified-11.0.5.tgz 222ms (cache miss)
237 http fetch GET 200 https://registry.npmjs.org/style-to-object/-/style-to-object-1.0.14.tgz 223ms (cache miss)
238 http fetch GET 200 https://registry.npmjs.org/remark-parse/-/remark-parse-11.0.0.tgz 256ms (cache miss)
239 http fetch GET 200 https://registry.npmjs.org/space-separated-tokens/-/space-separated-tokens-2.0.2.tgz 257ms (cache miss)
240 http fetch GET 200 https://registry.npmjs.org/remark-rehype/-/remark-rehype-11.1.2.tgz 274ms (cache miss)
241 http fetch POST 200 https://registry.npmjs.org/-/npm/v1/security/advisories/bulk 309ms
242 silly audit report {}
243 http fetch GET 200 https://registry.npmjs.org/react-markdown/-/react-markdown-10.1.0.tgz 294ms (cache miss)
244 http fetch GET 200 https://registry.npmjs.org/style-to-js/-/style-to-js-1.1.21.tgz 299ms (cache miss)
245 http fetch GET 200 https://registry.npmjs.org/stringify-entities/-/stringify-entities-4.0.4.tgz 302ms (cache miss)
246 http fetch GET 200 https://registry.npmjs.org/property-information/-/property-information-7.2.0.tgz 310ms (cache miss)
247 http fetch GET 200 https://registry.npmjs.org/parse-entities/-/parse-entities-4.0.2.tgz 328ms (cache miss)
248 http fetch GET 200 https://registry.npmjs.org/micromark-util-types/-/micromark-util-types-2.0.2.tgz 332ms (cache miss)
249 http fetch GET 200 https://registry.npmjs.org/@sentry/replay-canvas/-/replay-canvas-10.62.0.tgz 344ms (cache miss)
250 http fetch GET 200 https://registry.npmjs.org/@sentry/feedback/-/feedback-10.62.0.tgz 366ms (cache miss)
251 http fetch GET 200 https://registry.npmjs.org/micromark-util-symbol/-/micromark-util-symbol-2.0.1.tgz 365ms (cache miss)
252 http fetch GET 200 https://registry.npmjs.org/micromark-util-classify-character/-/micromark-util-classify-character-2.0.1.tgz 613ms (cache miss)
253 http fetch GET 200 https://registry.npmjs.org/micromark-util-decode-string/-/micromark-util-decode-string-2.0.1.tgz 615ms (cache miss)
254 http fetch GET 200 https://registry.npmjs.org/micromark-util-normalize-identifier/-/micromark-util-normalize-identifier-2.0.1.tgz 616ms (cache miss)
255 http fetch GET 200 https://registry.npmjs.org/micromark-util-combine-extensions/-/micromark-util-combine-extensions-2.0.1.tgz 616ms (cache miss)
256 http fetch GET 200 https://registry.npmjs.org/micromark-util-encode/-/micromark-util-encode-2.0.1.tgz 616ms (cache miss)
257 http fetch GET 200 https://registry.npmjs.org/micromark-util-html-tag-name/-/micromark-util-html-tag-name-2.0.1.tgz 615ms (cache miss)
258 http fetch GET 200 https://registry.npmjs.org/micromark-util-decode-numeric-character-reference/-/micromark-util-decode-numeric-character-reference-2.0.2.tgz 617ms (cache miss)
259 http fetch GET 200 https://registry.npmjs.org/micromark-util-resolve-all/-/micromark-util-resolve-all-2.0.1.tgz 617ms (cache miss)
260 http fetch GET 200 https://registry.npmjs.org/micromark-util-sanitize-uri/-/micromark-util-sanitize-uri-2.0.1.tgz 618ms (cache miss)
261 http fetch GET 200 https://registry.npmjs.org/micromark-util-subtokenize/-/micromark-util-subtokenize-2.1.0.tgz 621ms (cache miss)
262 http fetch GET 200 https://registry.npmjs.org/micromark-factory-label/-/micromark-factory-label-2.0.1.tgz 831ms (cache miss)
263 http fetch GET 200 https://registry.npmjs.org/micromark-factory-space/-/micromark-factory-space-2.0.1.tgz 831ms (cache miss)
264 http fetch GET 200 https://registry.npmjs.org/micromark-util-chunked/-/micromark-util-chunked-2.0.1.tgz 831ms (cache miss)
265 http fetch GET 200 https://registry.npmjs.org/micromark-util-character/-/micromark-util-character-2.1.1.tgz 831ms (cache miss)
266 http fetch GET 200 https://registry.npmjs.org/micromark-factory-title/-/micromark-factory-title-2.0.1.tgz 832ms (cache miss)
267 http fetch GET 200 https://registry.npmjs.org/micromark-factory-whitespace/-/micromark-factory-whitespace-2.0.1.tgz 832ms (cache miss)
268 http fetch GET 200 https://registry.npmjs.org/micromark-factory-destination/-/micromark-factory-destination-2.0.1.tgz 832ms (cache miss)
269 http fetch GET 200 https://registry.npmjs.org/@sentry/react/-/react-10.62.0.tgz 861ms (cache miss)
270 http fetch GET 200 https://registry.npmjs.org/mdast-util-to-string/-/mdast-util-to-string-4.0.0.tgz 969ms (cache miss)
271 http fetch GET 200 https://registry.npmjs.org/mdast-util-mdxjs-esm/-/mdast-util-mdxjs-esm-2.0.1.tgz 980ms (cache miss)
272 http fetch GET 200 https://registry.npmjs.org/mdast-util-phrasing/-/mdast-util-phrasing-4.1.0.tgz 981ms (cache miss)
273 http fetch GET 200 https://registry.npmjs.org/longest-streak/-/longest-streak-3.1.0.tgz 981ms (cache miss)
274 http fetch GET 200 https://registry.npmjs.org/mdast-util-mdx-expression/-/mdast-util-mdx-expression-2.0.1.tgz 982ms (cache miss)
275 http fetch GET 200 https://registry.npmjs.org/mdast-util-mdx-jsx/-/mdast-util-mdx-jsx-3.2.0.tgz 983ms (cache miss)
276 http fetch GET 200 https://registry.npmjs.org/mdast-util-from-markdown/-/mdast-util-from-markdown-2.0.3.tgz 998ms (cache miss)
277 http fetch GET 200 https://registry.npmjs.org/is-alphabetical/-/is-alphabetical-2.0.1.tgz 1023ms (cache miss)
278 http fetch GET 200 https://registry.npmjs.org/extend/-/extend-3.0.2.tgz 1023ms (cache miss)
279 http fetch GET 200 https://registry.npmjs.org/micromark/-/micromark-4.0.2.tgz 1025ms (cache miss)
280 http fetch GET 200 https://registry.npmjs.org/is-hexadecimal/-/is-hexadecimal-2.0.1.tgz 1024ms (cache miss)
281 http fetch GET 200 https://registry.npmjs.org/html-url-attributes/-/html-url-attributes-3.0.1.tgz 1024ms (cache miss)
282 http fetch GET 200 https://registry.npmjs.org/is-plain-obj/-/is-plain-obj-4.1.0.tgz 1024ms (cache miss)
283 http fetch GET 200 https://registry.npmjs.org/estree-util-is-identifier-name/-/estree-util-is-identifier-name-3.0.0.tgz 1024ms (cache miss)
284 http fetch GET 200 https://registry.npmjs.org/hast-util-whitespace/-/hast-util-whitespace-3.0.0.tgz 1024ms (cache miss)
285 http fetch GET 200 https://registry.npmjs.org/is-decimal/-/is-decimal-2.0.1.tgz 1025ms (cache miss)
286 http fetch GET 200 https://registry.npmjs.org/is-alphanumerical/-/is-alphanumerical-2.0.1.tgz 1026ms (cache miss)
287 http fetch GET 200 https://registry.npmjs.org/hast-util-to-jsx-runtime/-/hast-util-to-jsx-runtime-2.3.6.tgz 1026ms (cache miss)
288 http fetch GET 200 https://registry.npmjs.org/inline-style-parser/-/inline-style-parser-0.2.7.tgz 1028ms (cache miss)
289 http fetch GET 200 https://registry.npmjs.org/devlop/-/devlop-1.1.0.tgz 1028ms (cache miss)
290 http fetch GET 200 https://registry.npmjs.org/mdast-util-to-hast/-/mdast-util-to-hast-13.2.1.tgz 1035ms (cache miss)
291 http fetch GET 200 https://registry.npmjs.org/micromark-core-commonmark/-/micromark-core-commonmark-2.0.3.tgz 1038ms (cache miss)
292 http fetch GET 200 https://registry.npmjs.org/mdast-util-to-markdown/-/mdast-util-to-markdown-2.1.2.tgz 1052ms (cache miss)
293 http fetch GET 200 https://registry.npmjs.org/@sentry/browser-utils/-/browser-utils-10.62.0.tgz 1061ms (cache miss)
294 http fetch GET 200 https://registry.npmjs.org/comma-separated-tokens/-/comma-separated-tokens-2.0.3.tgz 1112ms (cache miss)
295 http fetch GET 200 https://registry.npmjs.org/character-reference-invalid/-/character-reference-invalid-2.0.1.tgz 1112ms (cache miss)
296 http fetch GET 200 https://registry.npmjs.org/decode-named-character-reference/-/decode-named-character-reference-1.3.0.tgz 1135ms (cache miss)
297 http fetch GET 200 https://registry.npmjs.org/ccount/-/ccount-2.0.1.tgz 1134ms (cache miss)
298 http fetch GET 200 https://registry.npmjs.org/character-entities-html4/-/character-entities-html4-2.1.0.tgz 1135ms (cache miss)
299 http fetch GET 200 https://registry.npmjs.org/character-entities-legacy/-/character-entities-legacy-3.0.0.tgz 1135ms (cache miss)
300 http fetch GET 200 https://registry.npmjs.org/character-entities/-/character-entities-2.0.2.tgz 1135ms (cache miss)
301 http fetch GET 200 https://registry.npmjs.org/@types/hast/-/hast-3.0.4.tgz 1140ms (cache miss)
302 http fetch GET 200 https://registry.npmjs.org/bail/-/bail-2.0.2.tgz 1141ms (cache miss)
303 http fetch GET 200 https://registry.npmjs.org/@types/ms/-/ms-2.1.0.tgz 1140ms (cache miss)
304 http fetch GET 200 https://registry.npmjs.org/@ungap/structured-clone/-/structured-clone-1.3.2.tgz 1145ms (cache miss)
305 http fetch GET 200 https://registry.npmjs.org/@types/debug/-/debug-4.1.13.tgz 1147ms (cache miss)
306 http fetch GET 200 https://registry.npmjs.org/@types/unist/-/unist-2.0.11.tgz 1157ms (cache miss)
307 http fetch GET 200 https://registry.npmjs.org/@sentry/browser/-/browser-10.62.0.tgz 1221ms (cache miss)
308 http fetch GET 200 https://registry.npmjs.org/@types/mdast/-/mdast-4.0.4.tgz 1389ms (cache miss)
309 http fetch GET 200 https://registry.npmjs.org/@types/unist/-/unist-3.0.3.tgz 1391ms (cache miss)
310 http fetch GET 200 https://registry.npmjs.org/@types/estree-jsx/-/estree-jsx-1.0.5.tgz 1393ms (cache miss)
311 http fetch GET 200 https://registry.npmjs.org/@sentry/core/-/core-10.62.0.tgz 1444ms (cache miss)
312 http fetch GET 200 https://registry.npmjs.org/@sentry/replay/-/replay-10.62.0.tgz 1507ms (cache miss)
313 silly ADD node_modules/@sentry/replay-canvas
314 silly ADD node_modules/@sentry/replay
315 silly ADD node_modules/@sentry/feedback
316 silly ADD node_modules/@sentry/browser-utils
317 silly ADD node_modules/@sentry/core
318 silly ADD node_modules/@sentry/browser
319 silly ADD node_modules/@sentry/react
320 silly ADD node_modules/zwitch
321 silly ADD node_modules/vfile-message
322 silly ADD node_modules/vfile
323 silly ADD node_modules/unist-util-visit-parents
324 silly ADD node_modules/unist-util-visit
325 silly ADD node_modules/unist-util-stringify-position
326 silly ADD node_modules/unist-util-position
327 silly ADD node_modules/unist-util-is
328 silly ADD node_modules/unified
329 silly ADD node_modules/trough
330 silly ADD node_modules/trim-lines
331 silly ADD node_modules/style-to-object
332 silly ADD node_modules/style-to-js
333 silly ADD node_modules/stringify-entities
334 silly ADD node_modules/space-separated-tokens
335 silly ADD node_modules/remark-rehype
336 silly ADD node_modules/remark-parse
337 silly ADD node_modules/react-markdown
338 silly ADD node_modules/property-information
339 silly ADD node_modules/parse-entities
340 silly ADD node_modules/parse-entities/node_modules/@types/unist
341 silly ADD node_modules/micromark-util-types
342 silly ADD node_modules/micromark-util-symbol
343 silly ADD node_modules/micromark-util-subtokenize
344 silly ADD node_modules/micromark-util-sanitize-uri
345 silly ADD node_modules/micromark-util-resolve-all
346 silly ADD node_modules/micromark-util-normalize-identifier
347 silly ADD node_modules/micromark-util-html-tag-name
348 silly ADD node_modules/micromark-util-encode
349 silly ADD node_modules/micromark-util-decode-string
350 silly ADD node_modules/micromark-util-decode-numeric-character-reference
351 silly ADD node_modules/micromark-util-combine-extensions
352 silly ADD node_modules/micromark-util-classify-character
353 silly ADD node_modules/micromark-util-chunked
354 silly ADD node_modules/micromark-util-character
355 silly ADD node_modules/micromark-factory-whitespace
356 silly ADD node_modules/micromark-factory-title
357 silly ADD node_modules/micromark-factory-space
358 silly ADD node_modules/micromark-factory-label
359 silly ADD node_modules/micromark-factory-destination
360 silly ADD node_modules/micromark-core-commonmark
361 silly ADD node_modules/micromark
362 silly ADD node_modules/mdast-util-to-string
363 silly ADD node_modules/mdast-util-to-markdown
364 silly ADD node_modules/mdast-util-to-hast
365 silly ADD node_modules/mdast-util-phrasing
366 silly ADD node_modules/mdast-util-mdxjs-esm
367 silly ADD node_modules/mdast-util-mdx-jsx
368 silly ADD node_modules/mdast-util-mdx-expression
369 silly ADD node_modules/mdast-util-from-markdown
370 silly ADD node_modules/longest-streak
371 silly ADD node_modules/is-plain-obj
372 silly ADD node_modules/is-hexadecimal
373 silly ADD node_modules/is-decimal
374 silly ADD node_modules/is-alphanumerical
375 silly ADD node_modules/is-alphabetical
376 silly ADD node_modules/inline-style-parser
377 silly ADD node_modules/html-url-attributes
378 silly ADD node_modules/hast-util-whitespace
379 silly ADD node_modules/hast-util-to-jsx-runtime
380 silly ADD node_modules/extend
381 silly ADD node_modules/estree-util-is-identifier-name
382 silly ADD node_modules/devlop
383 silly ADD node_modules/decode-named-character-reference
384 silly ADD node_modules/comma-separated-tokens
385 silly ADD node_modules/character-reference-invalid
386 silly ADD node_modules/character-entities-legacy
387 silly ADD node_modules/character-entities-html4
388 silly ADD node_modules/character-entities
389 silly ADD node_modules/ccount
390 silly ADD node_modules/bail
391 silly ADD node_modules/@ungap/structured-clone
392 silly ADD node_modules/@types/unist
393 silly ADD node_modules/@types/ms
394 silly ADD node_modules/@types/mdast
395 silly ADD node_modules/@types/hast
396 silly ADD node_modules/@types/estree-jsx
397 silly ADD node_modules/@types/debug
398 verbose cwd /Users/mayanknarang/Desktop/SmartBrick/client
399 verbose os Darwin 25.3.0
400 verbose node v24.12.0
401 verbose npm  v11.6.2
402 verbose exit 0
403 info ok
